<?xml version="1.0" encoding="UTF-8"?>
<!-- Generated by org.testng.reporters.JUnitXMLReporter -->
<testsuite hostname="IN-00236766" ignored="0" name="ChromeTest" tests="2" failures="0" timestamp="29 May 2020 05:33:31 GMT" time="105.364" errors="0">
  <testcase name="DemoBlaze_TC02_purchaseProduct" time="105.247" classname="testcases.demoblaze.purchaseProduct"/>
  <testcase name="DemoBlaze_TC01_ViewProducts" time="105.247" classname="testcases.demoblaze.viewProducts"/>
</testsuite> <!-- ChromeTest -->
