<?xml version="1.0" encoding="UTF-8"?>
<!-- Generated by org.testng.reporters.JUnitXMLReporter -->
<testsuite hostname="IN-00236766" ignored="0" name="Test" tests="1" failures="1" timestamp="26 May 2020 12:38:16 GMT" time="2.257" errors="0">
  <testcase name="purchaseProduct" time="2.182" classname="testcases.demoblaze.End2EndTest">
    <failure type="java.lang.NullPointerException">
      <![CDATA[java.lang.NullPointerException
at testcases.demoblaze.End2EndTest.purchaseProduct(End2EndTest.java:31)
... Removed 29 stack frames]]>
    </failure>
  </testcase> <!-- purchaseProduct -->
</testsuite> <!-- Test -->
