<?xml version="1.0" encoding="UTF-8"?>
<testng-results skipped="0" failed="1" ignored="0" total="2" passed="1">
  <reporter-output>
  </reporter-output>
  <suite name="TestSuite" duration-ms="261425" started-at="2020-05-29T12:41:06Z" finished-at="2020-05-29T12:45:28Z">
    <groups>
    </groups>
    <test name="FirefoxTest" duration-ms="220285" started-at="2020-05-29T12:41:06Z" finished-at="2020-05-29T12:44:47Z">
      <class name="testcases.demoblaze.purchaseProduct">
        <test-method status="FAIL" signature="DemoBlaze_TC02_purchaseProduct(java.lang.String)[pri:0, instance:testcases.demoblaze.purchaseProduct@28d25987]" name="DemoBlaze_TC02_purchaseProduct" duration-ms="220208" started-at="2020-05-29T12:41:07Z" finished-at="2020-05-29T12:44:47Z">
          <params>
            <param index="0">
              <value>
                <![CDATA[firefox]]>
              </value>
            </param>
          </params>
          <exception class="java.lang.NullPointerException">
            <full-stacktrace>
              <![CDATA[java.lang.NullPointerException
at testcases.demoblaze.purchaseProduct.DemoBlaze_TC02_purchaseProduct(purchaseProduct.java:35)
at sun.reflect.NativeMethodAccessorImpl.invoke0(Native Method)
at sun.reflect.NativeMethodAccessorImpl.invoke(NativeMethodAccessorImpl.java:62)
at sun.reflect.DelegatingMethodAccessorImpl.invoke(DelegatingMethodAccessorImpl.java:43)
at java.lang.reflect.Method.invoke(Method.java:498)
at org.testng.internal.MethodInvocationHelper.invokeMethod(MethodInvocationHelper.java:124)
at org.testng.internal.Invoker.invokeMethod(Invoker.java:583)
at org.testng.internal.Invoker.invokeTestMethod(Invoker.java:719)
at org.testng.internal.Invoker.invokeTestMethods(Invoker.java:989)
at org.testng.internal.TestMethodWorker.invokeTestMethods(TestMethodWorker.java:125)
at org.testng.internal.TestMethodWorker.run(TestMethodWorker.java:109)
at org.testng.TestRunner.privateRun(TestRunner.java:648)
at org.testng.TestRunner.run(TestRunner.java:505)
at org.testng.SuiteRunner.runTest(SuiteRunner.java:455)
at org.testng.SuiteRunner.access$000(SuiteRunner.java:40)
at org.testng.SuiteRunner$SuiteWorker.run(SuiteRunner.java:489)
at org.testng.internal.thread.ThreadUtil$1.call(ThreadUtil.java:52)
at java.util.concurrent.FutureTask.run(FutureTask.java:266)
at java.util.concurrent.ThreadPoolExecutor.runWorker(ThreadPoolExecutor.java:1149)
at java.util.concurrent.ThreadPoolExecutor$Worker.run(ThreadPoolExecutor.java:624)
at java.lang.Thread.run(Thread.java:748)
]]>
            </full-stacktrace>
          </exception> <!-- java.lang.NullPointerException -->
          <reporter-output>
          </reporter-output>
        </test-method> <!-- DemoBlaze_TC02_purchaseProduct -->
      </class> <!-- testcases.demoblaze.purchaseProduct -->
    </test> <!-- FirefoxTest -->
    <test name="ChromeTest" duration-ms="261425" started-at="2020-05-29T12:41:06Z" finished-at="2020-05-29T12:45:28Z">
      <class name="testcases.demoblaze.purchaseProduct">
        <test-method status="PASS" signature="DemoBlaze_TC02_purchaseProduct(java.lang.String)[pri:0, instance:testcases.demoblaze.purchaseProduct@548a9f61]" name="DemoBlaze_TC02_purchaseProduct" duration-ms="261375" started-at="2020-05-29T12:41:07Z" finished-at="2020-05-29T12:45:28Z">
          <params>
            <param index="0">
              <value>
                <![CDATA[chrome]]>
              </value>
            </param>
          </params>
          <reporter-output>
          </reporter-output>
        </test-method> <!-- DemoBlaze_TC02_purchaseProduct -->
      </class> <!-- testcases.demoblaze.purchaseProduct -->
    </test> <!-- ChromeTest -->
  </suite> <!-- TestSuite -->
</testng-results>
