<?xml version="1.0" encoding="UTF-8"?>
<testng-results skipped="0" failed="0" ignored="0" total="1" passed="1">
  <reporter-output>
  </reporter-output>
  <suite name="Suite" duration-ms="56012" started-at="2020-05-26T11:40:00Z" finished-at="2020-05-26T11:40:56Z">
    <groups>
    </groups>
    <test name="Test" duration-ms="56012" started-at="2020-05-26T11:40:00Z" finished-at="2020-05-26T11:40:56Z">
      <class name="testcases.demoblaze.End2EndTest">
        <test-method status="PASS" signature="purchaseProduct()[pri:0, instance:testcases.demoblaze.End2EndTest@5419f379]" name="purchaseProduct" duration-ms="55964" started-at="2020-05-26T11:40:00Z" finished-at="2020-05-26T11:40:56Z">
          <reporter-output>
          </reporter-output>
        </test-method> <!-- purchaseProduct -->
      </class> <!-- testcases.demoblaze.End2EndTest -->
    </test> <!-- Test -->
  </suite> <!-- Suite -->
</testng-results>
