-------------------------------------------------------------------------------
Test set: TestSuite
-------------------------------------------------------------------------------
Tests run: 2, Failures: 1, Errors: 0, Skipped: 0, Time elapsed: 263.706 s <<< FAILURE! - in TestSuite
DemoBlaze_TC02_purchaseProduct(testcases.demoblaze.purchaseProduct)  Time elapsed: 220.233 s  <<< FAILURE!
java.lang.NullPointerException
	at testcases.demoblaze.purchaseProduct.DemoBlaze_TC02_purchaseProduct(purchaseProduct.java:35)

